build/app/intermediates/manifest_merge_blame_file/release/manifest-merger-blame-release-report.txt
1<?xml version="1.0" encoding="utf-8"?>
2<manifest xmlns:android="http://schemas.android.com/apk/res/android"
3    package="com.example.f_blood"
4    android:versionCode="1"
5    android:versionName="1.0.0" >
6
7    <uses-sdk
8        android:minSdkVersion="24"
8-->src\main\AndroidManifest.xml
9        android:targetSdkVersion="31" />
9-->src\main\AndroidManifest.xml
10
11    <uses-permission android:name="android.permission.READ_EXTERNAL_STORAGE" />
11-->[:file_picker] AndroidManifest.xml:7:5-80
11-->[:file_picker] AndroidManifest.xml:7:22-77
12
13    <queries>
13-->[:file_picker] AndroidManifest.xml:9:5-15:15
14        <intent>
14-->[:file_picker] AndroidManifest.xml:10:9-14:18
15            <action android:name="android.intent.action.GET_CONTENT" />
15-->[:file_picker] AndroidManifest.xml:11:13-72
15-->[:file_picker] AndroidManifest.xml:11:21-69
16
17            <data android:mimeType="*/*" />
17-->[:file_picker] AndroidManifest.xml:13:13-44
17-->[:file_picker] AndroidManifest.xml:13:19-41
18        </intent>
19        <intent>
19-->[:twitter_login] AndroidManifest.xml:8:9-10:18
20            <action android:name="android.support.customtabs.action.CustomTabsService" />
20-->[:twitter_login] AndroidManifest.xml:9:13-90
20-->[:twitter_login] AndroidManifest.xml:9:21-87
21        </intent>
22    </queries>
23
24    <uses-permission android:name="android.permission.INTERNET" />
24-->[:google_sign_in] AndroidManifest.xml:7:5-67
24-->[:google_sign_in] AndroidManifest.xml:7:22-64
25    <uses-permission android:name="android.permission.ACCESS_NETWORK_STATE" />
25-->[com.google.firebase:firebase-auth:21.0.1] AndroidManifest.xml:24:5-79
25-->[com.google.firebase:firebase-auth:21.0.1] AndroidManifest.xml:24:22-76
26    <uses-permission android:name="android.permission.WAKE_LOCK" />
26-->[com.google.android.gms:play-services-measurement-api:20.0.2] AndroidManifest.xml:24:5-68
26-->[com.google.android.gms:play-services-measurement-api:20.0.2] AndroidManifest.xml:24:22-65
27    <uses-permission android:name="com.google.android.finsky.permission.BIND_GET_INSTALL_REFERRER_SERVICE" /> <!-- Include required permissions for Advertising Id -->
27-->[com.google.android.gms:play-services-measurement:20.0.2] AndroidManifest.xml:26:5-110
27-->[com.google.android.gms:play-services-measurement:20.0.2] AndroidManifest.xml:26:22-107
28    <uses-permission android:name="com.google.android.gms.permission.AD_ID" />
28-->[com.google.android.gms:play-services-ads-identifier:18.0.0] AndroidManifest.xml:23:5-79
28-->[com.google.android.gms:play-services-ads-identifier:18.0.0] AndroidManifest.xml:23:22-76
29
30    <application
31        android:name="android.app.Application"
31-->src\main\AndroidManifest.xml:5:9-42
32        android:appComponentFactory="androidx.core.app.CoreComponentFactory"
32-->[androidx.core:core:1.6.0] AndroidManifest.xml:24:18-86
33        android:extractNativeLibs="false"
34        android:icon="@mipmap/ic_launcher"
34-->src\main\AndroidManifest.xml:6:9-43
35        android:label="find blood"
35-->src\main\AndroidManifest.xml:4:9-35
36        android:supportsRtl="true" >
36-->[com.facebook.android:facebook-login:12.0.1] AndroidManifest.xml:28:18-44
37        <activity
37-->src\main\AndroidManifest.xml:7:9-27:20
38            android:name="com.example.f_blood.MainActivity"
38-->src\main\AndroidManifest.xml:8:13-41
39            android:configChanges="orientation|keyboardHidden|keyboard|screenSize|smallestScreenSize|locale|layoutDirection|fontScale|screenLayout|density|uiMode"
39-->src\main\AndroidManifest.xml:12:13-163
40            android:exported="true"
40-->src\main\AndroidManifest.xml:9:13-36
41            android:hardwareAccelerated="true"
41-->src\main\AndroidManifest.xml:13:13-47
42            android:launchMode="singleTop"
42-->src\main\AndroidManifest.xml:10:13-43
43            android:theme="@style/LaunchTheme"
43-->src\main\AndroidManifest.xml:11:13-47
44            android:windowSoftInputMode="adjustResize" >
44-->src\main\AndroidManifest.xml:14:13-55
45
46            <!--
47                 Specifies an Android theme to apply to this Activity as soon as
48                 the Android process has started. This theme is visible to the user
49                 while the Flutter UI initializes. After that, this theme continues
50                 to determine the Window background behind the Flutter UI.
51            -->
52            <meta-data
52-->src\main\AndroidManifest.xml:19:13-22:17
53                android:name="io.flutter.embedding.android.NormalTheme"
53-->src\main\AndroidManifest.xml:20:15-70
54                android:resource="@style/NormalTheme" />
54-->src\main\AndroidManifest.xml:21:15-52
55
56            <intent-filter>
56-->src\main\AndroidManifest.xml:23:13-26:29
57                <action android:name="android.intent.action.MAIN" />
57-->src\main\AndroidManifest.xml:24:17-68
57-->src\main\AndroidManifest.xml:24:25-66
58
59                <category android:name="android.intent.category.LAUNCHER" />
59-->src\main\AndroidManifest.xml:25:17-76
59-->src\main\AndroidManifest.xml:25:27-74
60            </intent-filter>
61        </activity>
62        <!--
63             Don't delete the meta-data below.
64             This is used by the Flutter tool to generate GeneratedPluginRegistrant.java
65        -->
66        <meta-data
66-->src\main\AndroidManifest.xml:30:9-32:33
67            android:name="flutterEmbedding"
67-->src\main\AndroidManifest.xml:31:13-44
68            android:value="2" />
68-->src\main\AndroidManifest.xml:32:13-30
69
70        <service
70-->[:firebase_auth] AndroidManifest.xml:8:9-12:19
71            android:name="com.google.firebase.components.ComponentDiscoveryService"
71-->[:firebase_auth] AndroidManifest.xml:8:18-89
72            android:directBootAware="true"
72-->[com.google.firebase:firebase-common:20.0.0] AndroidManifest.xml:35:13-43
73            android:exported="false" >
73-->[com.google.firebase:firebase-auth:21.0.1] AndroidManifest.xml:76:13-37
74            <meta-data
74-->[:firebase_auth] AndroidManifest.xml:9:13-11:85
75                android:name="com.google.firebase.components:io.flutter.plugins.firebase.auth.FlutterFirebaseAuthRegistrar"
75-->[:firebase_auth] AndroidManifest.xml:10:17-124
76                android:value="com.google.firebase.components.ComponentRegistrar" />
76-->[:firebase_auth] AndroidManifest.xml:11:17-82
77            <meta-data
77-->[:firebase_database] AndroidManifest.xml:9:13-11:85
78                android:name="com.google.firebase.components:io.flutter.plugins.firebase.database.FlutterFirebaseAppRegistrar"
78-->[:firebase_database] AndroidManifest.xml:10:17-127
79                android:value="com.google.firebase.components.ComponentRegistrar" />
79-->[:firebase_database] AndroidManifest.xml:11:17-82
80            <meta-data
80-->[:cloud_firestore] AndroidManifest.xml:9:13-11:85
81                android:name="com.google.firebase.components:io.flutter.plugins.firebase.firestore.FlutterFirebaseFirestoreRegistrar"
81-->[:cloud_firestore] AndroidManifest.xml:10:17-134
82                android:value="com.google.firebase.components.ComponentRegistrar" />
82-->[:cloud_firestore] AndroidManifest.xml:11:17-82
83            <meta-data
83-->[:firebase_core] AndroidManifest.xml:9:13-11:85
84                android:name="com.google.firebase.components:io.flutter.plugins.firebase.core.FlutterFirebaseCoreRegistrar"
84-->[:firebase_core] AndroidManifest.xml:10:17-124
85                android:value="com.google.firebase.components.ComponentRegistrar" />
85-->[:firebase_core] AndroidManifest.xml:11:17-82
86            <meta-data
86-->[com.google.firebase:firebase-auth:21.0.1] AndroidManifest.xml:77:13-79:85
87                android:name="com.google.firebase.components:com.google.firebase.auth.FirebaseAuthRegistrar"
87-->[com.google.firebase:firebase-auth:21.0.1] AndroidManifest.xml:78:17-109
88                android:value="com.google.firebase.components.ComponentRegistrar" />
88-->[com.google.firebase:firebase-auth:21.0.1] AndroidManifest.xml:79:17-82
89            <meta-data
89-->[com.google.firebase:firebase-firestore:24.0.1] AndroidManifest.xml:20:13-22:85
90                android:name="com.google.firebase.components:com.google.firebase.firestore.FirestoreRegistrar"
90-->[com.google.firebase:firebase-firestore:24.0.1] AndroidManifest.xml:21:17-111
91                android:value="com.google.firebase.components.ComponentRegistrar" />
91-->[com.google.firebase:firebase-firestore:24.0.1] AndroidManifest.xml:22:17-82
92            <meta-data
92-->[com.google.firebase:firebase-database:20.0.3] AndroidManifest.xml:32:13-34:85
93                android:name="com.google.firebase.components:com.google.firebase.database.DatabaseRegistrar"
93-->[com.google.firebase:firebase-database:20.0.3] AndroidManifest.xml:33:17-109
94                android:value="com.google.firebase.components.ComponentRegistrar" />
94-->[com.google.firebase:firebase-database:20.0.3] AndroidManifest.xml:34:17-82
95            <meta-data
95-->[com.google.android.gms:play-services-measurement-api:20.0.2] AndroidManifest.xml:30:13-32:85
96                android:name="com.google.firebase.components:com.google.firebase.analytics.connector.internal.AnalyticsConnectorRegistrar"
96-->[com.google.android.gms:play-services-measurement-api:20.0.2] AndroidManifest.xml:31:17-139
97                android:value="com.google.firebase.components.ComponentRegistrar" />
97-->[com.google.android.gms:play-services-measurement-api:20.0.2] AndroidManifest.xml:32:17-82
98            <meta-data
98-->[com.google.firebase:firebase-installations:17.0.0] AndroidManifest.xml:18:13-20:85
99                android:name="com.google.firebase.components:com.google.firebase.installations.FirebaseInstallationsRegistrar"
99-->[com.google.firebase:firebase-installations:17.0.0] AndroidManifest.xml:19:17-127
100                android:value="com.google.firebase.components.ComponentRegistrar" />
100-->[com.google.firebase:firebase-installations:17.0.0] AndroidManifest.xml:20:17-82
101        </service>
102
103        <provider
103-->[:image_picker] AndroidManifest.xml:8:9-16:20
104            android:name="io.flutter.plugins.imagepicker.ImagePickerFileProvider"
104-->[:image_picker] AndroidManifest.xml:9:13-82
105            android:authorities="com.example.f_blood.flutter.image_provider"
105-->[:image_picker] AndroidManifest.xml:10:13-74
106            android:exported="false"
106-->[:image_picker] AndroidManifest.xml:11:13-37
107            android:grantUriPermissions="true" >
107-->[:image_picker] AndroidManifest.xml:12:13-47
108            <meta-data
108-->[:image_picker] AndroidManifest.xml:13:13-15:75
109                android:name="android.support.FILE_PROVIDER_PATHS"
109-->[:image_picker] AndroidManifest.xml:14:17-67
110                android:resource="@xml/flutter_image_picker_file_paths" />
110-->[:image_picker] AndroidManifest.xml:15:17-72
111        </provider>
112
113        <activity android:name="com.maru.twitter_login.chrome_custom_tabs.ChromeCustomTabsActivity" />
113-->[:twitter_login] AndroidManifest.xml:14:9-103
113-->[:twitter_login] AndroidManifest.xml:14:19-100
114        <activity
114-->[com.facebook.android:facebook-common:12.0.1] AndroidManifest.xml:30:9-33:66
115            android:name="com.facebook.FacebookActivity"
115-->[com.facebook.android:facebook-common:12.0.1] AndroidManifest.xml:31:13-57
116            android:configChanges="keyboard|keyboardHidden|screenLayout|screenSize|orientation"
116-->[com.facebook.android:facebook-common:12.0.1] AndroidManifest.xml:32:13-96
117            android:theme="@style/com_facebook_activity_theme" />
117-->[com.facebook.android:facebook-common:12.0.1] AndroidManifest.xml:33:13-63
118        <activity android:name="com.facebook.CustomTabMainActivity" />
118-->[com.facebook.android:facebook-common:12.0.1] AndroidManifest.xml:34:9-71
118-->[com.facebook.android:facebook-common:12.0.1] AndroidManifest.xml:34:19-68
119        <activity
119-->[com.facebook.android:facebook-common:12.0.1] AndroidManifest.xml:35:9-49:20
120            android:name="com.facebook.CustomTabActivity"
120-->[com.facebook.android:facebook-common:12.0.1] AndroidManifest.xml:36:13-58
121            android:exported="true" >
121-->[com.facebook.android:facebook-common:12.0.1] AndroidManifest.xml:37:13-36
122            <intent-filter>
122-->[com.facebook.android:facebook-common:12.0.1] AndroidManifest.xml:39:13-48:29
123                <action android:name="android.intent.action.VIEW" />
123-->[com.facebook.android:facebook-common:12.0.1] AndroidManifest.xml:40:17-69
123-->[com.facebook.android:facebook-common:12.0.1] AndroidManifest.xml:40:25-66
124
125                <category android:name="android.intent.category.DEFAULT" />
125-->[com.facebook.android:facebook-common:12.0.1] AndroidManifest.xml:42:17-76
125-->[com.facebook.android:facebook-common:12.0.1] AndroidManifest.xml:42:27-73
126                <category android:name="android.intent.category.BROWSABLE" />
126-->[com.facebook.android:facebook-common:12.0.1] AndroidManifest.xml:43:17-78
126-->[com.facebook.android:facebook-common:12.0.1] AndroidManifest.xml:43:27-75
127
128                <data
128-->[:file_picker] AndroidManifest.xml:13:13-44
129                    android:host="cct.com.example.f_blood"
130                    android:scheme="fbconnect" />
131            </intent-filter>
132        </activity>
133        <!--
134         The initialization ContentProvider will call FacebookSdk.sdkInitialize automatically
135         with the application context. This config is merged in with the host app's manifest,
136         but there can only be one provider with the same authority activated at any given
137         point; so if the end user has two or more different apps that use Facebook SDK, only the
138         first one will be able to use the provider. To work around this problem, we use the
139         following placeholder in the authority to identify each host application as if it was
140         a completely different provider.
141        -->
142        <provider
142-->[com.facebook.android:facebook-core:12.0.1] AndroidManifest.xml:39:9-42:40
143            android:name="com.facebook.internal.FacebookInitProvider"
143-->[com.facebook.android:facebook-core:12.0.1] AndroidManifest.xml:40:13-70
144            android:authorities="com.example.f_blood.FacebookInitProvider"
144-->[com.facebook.android:facebook-core:12.0.1] AndroidManifest.xml:41:13-72
145            android:exported="false" />
145-->[com.facebook.android:facebook-core:12.0.1] AndroidManifest.xml:42:13-37
146
147        <receiver
147-->[com.facebook.android:facebook-core:12.0.1] AndroidManifest.xml:44:9-50:20
148            android:name="com.facebook.CurrentAccessTokenExpirationBroadcastReceiver"
148-->[com.facebook.android:facebook-core:12.0.1] AndroidManifest.xml:45:13-86
149            android:exported="false" >
149-->[com.facebook.android:facebook-core:12.0.1] AndroidManifest.xml:46:13-37
150            <intent-filter>
150-->[com.facebook.android:facebook-core:12.0.1] AndroidManifest.xml:47:13-49:29
151                <action android:name="com.facebook.sdk.ACTION_CURRENT_ACCESS_TOKEN_CHANGED" />
151-->[com.facebook.android:facebook-core:12.0.1] AndroidManifest.xml:48:17-95
151-->[com.facebook.android:facebook-core:12.0.1] AndroidManifest.xml:48:25-92
152            </intent-filter>
153        </receiver>
154        <receiver
154-->[com.facebook.android:facebook-core:12.0.1] AndroidManifest.xml:51:9-57:20
155            android:name="com.facebook.AuthenticationTokenManager$CurrentAuthenticationTokenChangedBroadcastReceiver"
155-->[com.facebook.android:facebook-core:12.0.1] AndroidManifest.xml:52:13-118
156            android:exported="false" >
156-->[com.facebook.android:facebook-core:12.0.1] AndroidManifest.xml:53:13-37
157            <intent-filter>
157-->[com.facebook.android:facebook-core:12.0.1] AndroidManifest.xml:54:13-56:29
158                <action android:name="com.facebook.sdk.ACTION_CURRENT_AUTHENTICATION_TOKEN_CHANGED" />
158-->[com.facebook.android:facebook-core:12.0.1] AndroidManifest.xml:55:17-103
158-->[com.facebook.android:facebook-core:12.0.1] AndroidManifest.xml:55:25-100
159            </intent-filter>
160        </receiver>
161
162        <uses-library
162-->[androidx.window:window:1.0.0-beta04] AndroidManifest.xml:25:9-27:40
163            android:name="androidx.window.extensions"
163-->[androidx.window:window:1.0.0-beta04] AndroidManifest.xml:26:13-54
164            android:required="false" />
164-->[androidx.window:window:1.0.0-beta04] AndroidManifest.xml:27:13-37
165        <uses-library
165-->[androidx.window:window:1.0.0-beta04] AndroidManifest.xml:28:9-30:40
166            android:name="androidx.window.sidecar"
166-->[androidx.window:window:1.0.0-beta04] AndroidManifest.xml:29:13-51
167            android:required="false" />
167-->[androidx.window:window:1.0.0-beta04] AndroidManifest.xml:30:13-37
168
169        <activity
169-->[com.google.firebase:firebase-auth:21.0.1] AndroidManifest.xml:27:9-44:20
170            android:name="com.google.firebase.auth.internal.GenericIdpActivity"
170-->[com.google.firebase:firebase-auth:21.0.1] AndroidManifest.xml:28:13-80
171            android:excludeFromRecents="true"
171-->[com.google.firebase:firebase-auth:21.0.1] AndroidManifest.xml:29:13-46
172            android:exported="true"
172-->[com.google.firebase:firebase-auth:21.0.1] AndroidManifest.xml:30:13-36
173            android:launchMode="singleTask"
173-->[com.google.firebase:firebase-auth:21.0.1] AndroidManifest.xml:31:13-44
174            android:theme="@android:style/Theme.Translucent.NoTitleBar" >
174-->[com.google.firebase:firebase-auth:21.0.1] AndroidManifest.xml:32:13-72
175            <intent-filter>
175-->[com.google.firebase:firebase-auth:21.0.1] AndroidManifest.xml:33:13-43:29
176                <action android:name="android.intent.action.VIEW" />
176-->[com.facebook.android:facebook-common:12.0.1] AndroidManifest.xml:40:17-69
176-->[com.facebook.android:facebook-common:12.0.1] AndroidManifest.xml:40:25-66
177
178                <category android:name="android.intent.category.DEFAULT" />
178-->[com.facebook.android:facebook-common:12.0.1] AndroidManifest.xml:42:17-76
178-->[com.facebook.android:facebook-common:12.0.1] AndroidManifest.xml:42:27-73
179                <category android:name="android.intent.category.BROWSABLE" />
179-->[com.facebook.android:facebook-common:12.0.1] AndroidManifest.xml:43:17-78
179-->[com.facebook.android:facebook-common:12.0.1] AndroidManifest.xml:43:27-75
180
181                <data
181-->[:file_picker] AndroidManifest.xml:13:13-44
182                    android:host="firebase.auth"
183                    android:path="/"
184                    android:scheme="genericidp" />
185            </intent-filter>
186        </activity>
187        <activity
187-->[com.google.firebase:firebase-auth:21.0.1] AndroidManifest.xml:45:9-62:20
188            android:name="com.google.firebase.auth.internal.RecaptchaActivity"
188-->[com.google.firebase:firebase-auth:21.0.1] AndroidManifest.xml:46:13-79
189            android:excludeFromRecents="true"
189-->[com.google.firebase:firebase-auth:21.0.1] AndroidManifest.xml:47:13-46
190            android:exported="true"
190-->[com.google.firebase:firebase-auth:21.0.1] AndroidManifest.xml:48:13-36
191            android:launchMode="singleTask"
191-->[com.google.firebase:firebase-auth:21.0.1] AndroidManifest.xml:49:13-44
192            android:theme="@android:style/Theme.Translucent.NoTitleBar" >
192-->[com.google.firebase:firebase-auth:21.0.1] AndroidManifest.xml:50:13-72
193            <intent-filter>
193-->[com.google.firebase:firebase-auth:21.0.1] AndroidManifest.xml:51:13-61:29
194                <action android:name="android.intent.action.VIEW" />
194-->[com.facebook.android:facebook-common:12.0.1] AndroidManifest.xml:40:17-69
194-->[com.facebook.android:facebook-common:12.0.1] AndroidManifest.xml:40:25-66
195
196                <category android:name="android.intent.category.DEFAULT" />
196-->[com.facebook.android:facebook-common:12.0.1] AndroidManifest.xml:42:17-76
196-->[com.facebook.android:facebook-common:12.0.1] AndroidManifest.xml:42:27-73
197                <category android:name="android.intent.category.BROWSABLE" />
197-->[com.facebook.android:facebook-common:12.0.1] AndroidManifest.xml:43:17-78
197-->[com.facebook.android:facebook-common:12.0.1] AndroidManifest.xml:43:27-75
198
199                <data
199-->[:file_picker] AndroidManifest.xml:13:13-44
200                    android:host="firebase.auth"
201                    android:path="/"
202                    android:scheme="recaptcha" />
203            </intent-filter>
204        </activity>
205
206        <service
206-->[com.google.firebase:firebase-auth:21.0.1] AndroidManifest.xml:64:9-73:19
207            android:name="com.google.firebase.auth.api.fallback.service.FirebaseAuthFallbackService"
207-->[com.google.firebase:firebase-auth:21.0.1] AndroidManifest.xml:65:13-101
208            android:enabled="true"
208-->[com.google.firebase:firebase-auth:21.0.1] AndroidManifest.xml:66:13-35
209            android:exported="false" >
209-->[com.google.firebase:firebase-auth:21.0.1] AndroidManifest.xml:67:13-37
210            <intent-filter>
210-->[com.google.firebase:firebase-auth:21.0.1] AndroidManifest.xml:68:13-72:29
211                <action android:name="com.google.firebase.auth.api.gms.service.START" />
211-->[com.google.firebase:firebase-auth:21.0.1] AndroidManifest.xml:69:17-89
211-->[com.google.firebase:firebase-auth:21.0.1] AndroidManifest.xml:69:25-86
212
213                <category android:name="android.intent.category.DEFAULT" />
213-->[com.facebook.android:facebook-common:12.0.1] AndroidManifest.xml:42:17-76
213-->[com.facebook.android:facebook-common:12.0.1] AndroidManifest.xml:42:27-73
214            </intent-filter>
215        </service>
216
217        <provider
217-->[com.google.firebase:firebase-common:20.0.0] AndroidManifest.xml:26:9-31:39
218            android:name="com.google.firebase.provider.FirebaseInitProvider"
218-->[com.google.firebase:firebase-common:20.0.0] AndroidManifest.xml:27:13-77
219            android:authorities="com.example.f_blood.firebaseinitprovider"
219-->[com.google.firebase:firebase-common:20.0.0] AndroidManifest.xml:28:13-72
220            android:directBootAware="true"
220-->[com.google.firebase:firebase-common:20.0.0] AndroidManifest.xml:29:13-43
221            android:exported="false"
221-->[com.google.firebase:firebase-common:20.0.0] AndroidManifest.xml:30:13-37
222            android:initOrder="100" />
222-->[com.google.firebase:firebase-common:20.0.0] AndroidManifest.xml:31:13-36
223
224        <activity
224-->[com.google.android.gms:play-services-auth:20.0.1] AndroidManifest.xml:23:9-27:75
225            android:name="com.google.android.gms.auth.api.signin.internal.SignInHubActivity"
225-->[com.google.android.gms:play-services-auth:20.0.1] AndroidManifest.xml:24:13-93
226            android:excludeFromRecents="true"
226-->[com.google.android.gms:play-services-auth:20.0.1] AndroidManifest.xml:25:13-46
227            android:exported="false"
227-->[com.google.android.gms:play-services-auth:20.0.1] AndroidManifest.xml:26:13-37
228            android:theme="@android:style/Theme.Translucent.NoTitleBar" />
228-->[com.google.android.gms:play-services-auth:20.0.1] AndroidManifest.xml:27:13-72
229        <!--
230            Service handling Google Sign-In user revocation. For apps that do not integrate with
231            Google Sign-In, this service will never be started.
232        -->
233        <service
233-->[com.google.android.gms:play-services-auth:20.0.1] AndroidManifest.xml:33:9-37:51
234            android:name="com.google.android.gms.auth.api.signin.RevocationBoundService"
234-->[com.google.android.gms:play-services-auth:20.0.1] AndroidManifest.xml:34:13-89
235            android:exported="true"
235-->[com.google.android.gms:play-services-auth:20.0.1] AndroidManifest.xml:35:13-36
236            android:permission="com.google.android.gms.auth.api.signin.permission.REVOCATION_NOTIFICATION"
236-->[com.google.android.gms:play-services-auth:20.0.1] AndroidManifest.xml:36:13-107
237            android:visibleToInstantApps="true" />
237-->[com.google.android.gms:play-services-auth:20.0.1] AndroidManifest.xml:37:13-48
238
239        <activity
239-->[com.google.android.gms:play-services-base:18.0.1] AndroidManifest.xml:20:9-22:45
240            android:name="com.google.android.gms.common.api.GoogleApiActivity"
240-->[com.google.android.gms:play-services-base:18.0.1] AndroidManifest.xml:20:19-85
241            android:exported="false"
241-->[com.google.android.gms:play-services-base:18.0.1] AndroidManifest.xml:22:19-43
242            android:theme="@android:style/Theme.Translucent.NoTitleBar" />
242-->[com.google.android.gms:play-services-base:18.0.1] AndroidManifest.xml:21:19-78
243
244        <receiver
244-->[com.google.android.gms:play-services-measurement:20.0.2] AndroidManifest.xml:29:9-33:20
245            android:name="com.google.android.gms.measurement.AppMeasurementReceiver"
245-->[com.google.android.gms:play-services-measurement:20.0.2] AndroidManifest.xml:30:13-85
246            android:enabled="true"
246-->[com.google.android.gms:play-services-measurement:20.0.2] AndroidManifest.xml:31:13-35
247            android:exported="false" >
247-->[com.google.android.gms:play-services-measurement:20.0.2] AndroidManifest.xml:32:13-37
248        </receiver>
249
250        <service
250-->[com.google.android.gms:play-services-measurement:20.0.2] AndroidManifest.xml:35:9-38:40
251            android:name="com.google.android.gms.measurement.AppMeasurementService"
251-->[com.google.android.gms:play-services-measurement:20.0.2] AndroidManifest.xml:36:13-84
252            android:enabled="true"
252-->[com.google.android.gms:play-services-measurement:20.0.2] AndroidManifest.xml:37:13-35
253            android:exported="false" />
253-->[com.google.android.gms:play-services-measurement:20.0.2] AndroidManifest.xml:38:13-37
254        <service
254-->[com.google.android.gms:play-services-measurement:20.0.2] AndroidManifest.xml:39:9-43:72
255            android:name="com.google.android.gms.measurement.AppMeasurementJobService"
255-->[com.google.android.gms:play-services-measurement:20.0.2] AndroidManifest.xml:40:13-87
256            android:enabled="true"
256-->[com.google.android.gms:play-services-measurement:20.0.2] AndroidManifest.xml:41:13-35
257            android:exported="false"
257-->[com.google.android.gms:play-services-measurement:20.0.2] AndroidManifest.xml:42:13-37
258            android:permission="android.permission.BIND_JOB_SERVICE" />
258-->[com.google.android.gms:play-services-measurement:20.0.2] AndroidManifest.xml:43:13-69
259
260        <meta-data
260-->[com.google.android.gms:play-services-basement:18.0.0] AndroidManifest.xml:21:9-23:69
261            android:name="com.google.android.gms.version"
261-->[com.google.android.gms:play-services-basement:18.0.0] AndroidManifest.xml:22:13-58
262            android:value="@integer/google_play_services_version" />
262-->[com.google.android.gms:play-services-basement:18.0.0] AndroidManifest.xml:23:13-66
263    </application>
264
265</manifest>